------------------------------------------------------------
Server listening on TCP port 5001
TCP window size: 85.3 KByte (default)
------------------------------------------------------------
[  4] local 192.168.1.254 port 5001 connected with 10.0.0.10 port 58356
[ ID] Interval       Transfer     Bandwidth
[  4]  0.0- 1.0 sec  1.06 MBytes  8.93 Mbits/sec
[  4]  1.0- 2.0 sec  1.06 MBytes  8.90 Mbits/sec
[  4]  2.0- 3.0 sec  1.06 MBytes  8.87 Mbits/sec
[  4]  3.0- 4.0 sec  1.07 MBytes  9.01 Mbits/sec
[  4]  4.0- 5.0 sec  1.07 MBytes  8.94 Mbits/sec
[  4]  5.0- 6.0 sec  1.06 MBytes  8.85 Mbits/sec
[  4]  6.0- 7.0 sec  1.04 MBytes  8.68 Mbits/sec
[  4]  7.0- 8.0 sec  1.07 MBytes  9.01 Mbits/sec
[  4]  8.0- 9.0 sec  1.07 MBytes  8.96 Mbits/sec
[  4]  9.0-10.0 sec  1.07 MBytes  8.94 Mbits/sec
[  4] 10.0-11.0 sec  1.08 MBytes  9.07 Mbits/sec
[  4] 11.0-12.0 sec  1.04 MBytes  8.75 Mbits/sec
[  4] 12.0-13.0 sec  1.08 MBytes  9.02 Mbits/sec
[  4] 13.0-14.0 sec  1.08 MBytes  9.08 Mbits/sec
[  4] 14.0-15.0 sec  1.04 MBytes  8.75 Mbits/sec
[  4] 15.0-16.0 sec   699 KBytes  5.72 Mbits/sec
[  4] 16.0-17.0 sec   144 KBytes  1.18 Mbits/sec
[  4] 17.0-18.0 sec  2.37 MBytes  19.9 Mbits/sec
[  4] 18.0-19.0 sec  1.09 MBytes  9.17 Mbits/sec
[  4] 19.0-20.0 sec  1.05 MBytes  8.82 Mbits/sec
[  4] 20.0-21.0 sec  1.04 MBytes  8.71 Mbits/sec
[  4] 21.0-22.0 sec   484 KBytes  3.96 Mbits/sec
[  4] 22.0-23.0 sec   523 KBytes  4.28 Mbits/sec
[  4] 23.0-24.0 sec  2.24 MBytes  18.8 Mbits/sec
[  4] 24.0-25.0 sec  1.07 MBytes  8.99 Mbits/sec
[  4] 25.0-26.0 sec  1.09 MBytes  9.15 Mbits/sec
[  4] 26.0-27.0 sec  1.06 MBytes  8.92 Mbits/sec
[  4] 27.0-28.0 sec  1.04 MBytes  8.72 Mbits/sec
[  4] 28.0-29.0 sec  1.05 MBytes  8.82 Mbits/sec
[  4] 29.0-30.0 sec  1.06 MBytes  8.91 Mbits/sec
[  4] 30.0-31.0 sec  1.09 MBytes  9.12 Mbits/sec
[  4] 31.0-32.0 sec  1.08 MBytes  9.09 Mbits/sec
[  4]  0.0-32.4 sec  34.5 MBytes  8.94 Mbits/sec
